<?xml version="1.0" encoding="UTF-8"?>
<testng-results ignored="0" total="1" passed="1" failed="0" skipped="0">
  <reporter-output>
  </reporter-output>
  <suite started-at="2023-06-13T12:20:38 IST" name="Default suite" finished-at="2023-06-13T12:20:38 IST" duration-ms="71">
    <groups>
    </groups>
    <test started-at="2023-06-13T12:20:38 IST" name="Default test" finished-at="2023-06-13T12:20:38 IST" duration-ms="71">
      <class name="SR.Exam1">
        <test-method signature="test2()[pri:0, instance:SR.Exam1@7ea9e1e2]" started-at="2023-06-13T12:20:38 IST" name="test2" finished-at="2023-06-13T12:20:38 IST" duration-ms="15" status="PASS">
          <reporter-output>
          </reporter-output>
        </test-method> <!-- test2 -->
      </class> <!-- SR.Exam1 -->
    </test> <!-- Default test -->
  </suite> <!-- Default suite -->
</testng-results>
